[jthemes.net/themes/html/testo/files/demo-1.html]
[backblue.gif]
[fade.gif]
[index.html]
[jthemes.net/themes/html/testo/files/images/favicon.ico]
[jthemes.net/themes/html/testo/files/images/apple-touch-icon-152x152.png]
[jthemes.net/themes/html/testo/files/images/apple-touch-icon-120x120.png]
[jthemes.net/themes/html/testo/files/images/apple-touch-icon-76x76.png]
[jthemes.net/themes/html/testo/files/images/apple-touch-icon.png]
[use.fontawesome.com/releases/v5.11.0/css/all.css]
[jthemes.net/themes/html/testo/files/css/bootstrap.min.css]
[jthemes.net/themes/html/testo/files/css/flaticon.css]
[jthemes.net/themes/html/testo/files/css/menu.css]
[jthemes.net/themes/html/testo/files/css/magnific-popup.css]
[jthemes.net/themes/html/testo/files/css/flexslider.css]
[jthemes.net/themes/html/testo/files/css/owl.carousel.min.css]
[jthemes.net/themes/html/testo/files/css/owl.theme.default.min.css]
[jthemes.net/themes/html/testo/files/css/jquery.datetimepicker.min.css]
[jthemes.net/themes/html/testo/files/css/responsive.css]
[jthemes.net/themes/html/testo/files/css/style.css]
[jthemes.net/themes/html/testo/files/images/color-scheme/l-01.jpg]
[jthemes.net/themes/html/testo/files/demo-2.html]
[jthemes.net/themes/html/testo/files/images/color-scheme/l-02.jpg]
[jthemes.net/themes/html/testo/files/demo-3.html]
[jthemes.net/themes/html/testo/files/images/color-scheme/l-03.jpg]
[jthemes.net/themes/html/testo/files/demo-4.html]
[jthemes.net/themes/html/testo/files/images/color-scheme/l-04.jpg]
[jthemes.net/themes/html/testo/files/demo-5.html]
[jthemes.net/themes/html/testo/files/images/color-scheme/l-05.jpg]
[jthemes.net/themes/html/testo/files/demo-6.html]
[jthemes.net/themes/html/testo/files/images/color-scheme/l-06.jpg]
[jthemes.net/themes/html/testo/files/demo-7.html]
[jthemes.net/themes/html/testo/files/images/color-scheme/l-07.jpg]
[jthemes.net/themes/html/testo/files/demo-8.html]
[jthemes.net/themes/html/testo/files/images/color-scheme/l-08.jpg]
[jthemes.net/themes/html/testo/files/demo-9.html]
[jthemes.net/themes/html/testo/files/images/color-scheme/l-09.jpg]
[jthemes.net/themes/html/testo/files/demo-10.html]
[jthemes.net/themes/html/testo/files/images/color-scheme/l-10.jpg]
[jthemes.net/themes/html/testo/files/demo-11.html]
[jthemes.net/themes/html/testo/files/images/color-scheme/l-11.jpg]
[jthemes.net/themes/html/testo/files/demo-12.html]
[jthemes.net/themes/html/testo/files/images/color-scheme/l-12.jpg]
[jthemes.net/themes/html/testo/files/images/logo-01.png]
[jthemes.net/themes/html/testo/files/about.html]
[jthemes.net/themes/html/testo/files/team.html]
[jthemes.net/themes/html/testo/files/gallery.html]
[jthemes.net/themes/html/testo/files/gift-cards.html]
[jthemes.net/themes/html/testo/files/faqs.html]
[jthemes.net/themes/html/testo/files/terms.html]
[jthemes.net/themes/html/testo/files/menu-1.html]
[jthemes.net/themes/html/testo/files/menu-2.html]
[jthemes.net/themes/html/testo/files/menu-3.html]
[jthemes.net/themes/html/testo/files/blog-listing.html]
[jthemes.net/themes/html/testo/files/images/img-05.jpg]
[jthemes.net/themes/html/testo/files/images/img-01.jpg]
[jthemes.net/themes/html/testo/files/images/img-07.jpg]
[jthemes.net/themes/html/testo/files/images/img-08.jpg]
[jthemes.net/themes/html/testo/files/images/img-09.jpg]
[jthemes.net/themes/html/testo/files/images/img-10.jpg]
[jthemes.net/themes/html/testo/files/images/img-26.jpg]
[jthemes.net/themes/html/testo/files/product-single.html]
[jthemes.net/themes/html/testo/files/cart.html]
[jthemes.net/themes/html/testo/files/single-post.html]
[jthemes.net/themes/html/testo/files/booking.html]
[jthemes.net/themes/html/testo/files/locations.html]
[jthemes.net/themes/html/testo/files/contacts.html]
[jthemes.net/themes/html/testo/files/images/slider/slide-1.jpg]
[jthemes.net/themes/html/testo/files/images/slider/slide-2.jpg]
[jthemes.net/themes/html/testo/files/images/slider/slide-3.jpg]
[jthemes.net/themes/html/testo/files/images/about-01-img.png]
[jthemes.net/themes/html/testo/files/images/menu/burger-11.jpg]
[jthemes.net/themes/html/testo/files/images/menu/burger-12.jpg]
[jthemes.net/themes/html/testo/files/images/menu/burger-13.jpg]
[jthemes.net/themes/html/testo/files/images/menu/burger-14.jpg]
[jthemes.net/themes/html/testo/files/images/menu/burger-15.jpg]
[jthemes.net/themes/html/testo/files/images/menu/burger-16.jpg]
[jthemes.net/themes/html/testo/files/images/menu/burger-17.jpg]
[jthemes.net/themes/html/testo/files/images/menu/burger-18.jpg]
[jthemes.net/themes/html/testo/files/images/promo-11-img.png]
[jthemes.net/themes/html/testo/files/images/menu/burger-02.png]
[jthemes.net/themes/html/testo/files/images/menu/burger-05.png]
[jthemes.net/themes/html/testo/files/images/menu/burger-01.png]
[jthemes.net/themes/html/testo/files/images/menu/burger-06.png]
[jthemes.net/themes/html/testo/files/images/menu/side-01.png]
[jthemes.net/themes/html/testo/files/images/menu/side-02.png]
[jthemes.net/themes/html/testo/files/images/menu/side-03.png]
[jthemes.net/themes/html/testo/files/images/menu/side-04.png]
[jthemes.net/themes/html/testo/files/images/menu/salad-01.png]
[jthemes.net/themes/html/testo/files/images/menu/salad-02.png]
[jthemes.net/themes/html/testo/files/images/menu/salad-03.png]
[jthemes.net/themes/html/testo/files/images/menu/salad-04.png]
[jthemes.net/themes/html/testo/files/images/menu/dessert-01.png]
[jthemes.net/themes/html/testo/files/images/menu/dessert-02.png]
[jthemes.net/themes/html/testo/files/images/menu/dessert-03.png]
[jthemes.net/themes/html/testo/files/images/menu/dessert-04.png]
[jthemes.net/themes/html/testo/files/images/review-author-1.jpg]
[jthemes.net/themes/html/testo/files/images/review-author-2.jpg]
[jthemes.net/themes/html/testo/files/images/review-author-3.jpg]
[jthemes.net/themes/html/testo/files/images/review-author-4.jpg]
[jthemes.net/themes/html/testo/files/images/review-author-5.jpg]
[jthemes.net/themes/html/testo/files/images/img-24.jpg]
[jthemes.net/themes/html/testo/files/images/img-21.jpg]
[jthemes.net/themes/html/testo/files/images/img-25.jpg]
[jthemes.net/themes/html/testo/files/images/offer-1.jpg]
[jthemes.net/themes/html/testo/files/images/offer-2.jpg]
[jthemes.net/themes/html/testo/files/images/offer-3.jpg]
[jthemes.net/themes/html/testo/files/images/offer-4.jpg]
[jthemes.net/themes/html/testo/files/images/img-02.jpg]
[jthemes.net/themes/html/testo/files/images/img-03.jpg]
[jthemes.net/themes/html/testo/files/images/appstore.png]
[jthemes.net/themes/html/testo/files/images/googleplay.png]
[jthemes.net/themes/html/testo/files/images/e-shop.png]
[jthemes.net/themes/html/testo/files/images/gallery/img-01.jpg]
[jthemes.net/themes/html/testo/files/images/gallery/img-02.jpg]
[jthemes.net/themes/html/testo/files/images/gallery/img-03.jpg]
[jthemes.net/themes/html/testo/files/images/gallery/img-04.jpg]
[jthemes.net/themes/html/testo/files/images/gallery/img-05.jpg]
[jthemes.net/themes/html/testo/files/images/gallery/img-06.jpg]
[jthemes.net/themes/html/testo/files/images/gallery/img-07.jpg]
[jthemes.net/themes/html/testo/files/images/gallery/img-08.jpg]
[jthemes.net/themes/html/testo/files/images/brand-11.png]
[jthemes.net/themes/html/testo/files/images/brand-12.png]
[jthemes.net/themes/html/testo/files/images/brand-13.png]
[jthemes.net/themes/html/testo/files/images/brand-14.png]
[jthemes.net/themes/html/testo/files/images/brand-15.png]
[jthemes.net/themes/html/testo/files/images/brand-16.png]
[jthemes.net/themes/html/testo/files/images/brand-17.png]
[jthemes.net/themes/html/testo/files/images/brand-18.png]
[jthemes.net/themes/html/testo/files/images/blog/img-01.jpg]
[jthemes.net/themes/html/testo/files/images/blog/img-02.jpg]
[jthemes.net/themes/html/testo/files/images/blog/img-03.jpg]
[jthemes.net/themes/html/testo/files/images/instagram/img-01.jpg]
[jthemes.net/themes/html/testo/files/images/instagram/img-02.jpg]
[jthemes.net/themes/html/testo/files/images/instagram/img-03.jpg]
[jthemes.net/themes/html/testo/files/images/instagram/img-04.jpg]
[jthemes.net/themes/html/testo/files/images/instagram/img-05.jpg]
[jthemes.net/themes/html/testo/files/images/instagram/img-06.jpg]
[jthemes.net/themes/html/testo/files/js/jquery-3.5.1.min.js]
[jthemes.net/themes/html/testo/files/js/bootstrap.min.js]
[jthemes.net/themes/html/testo/files/js/modernizr.custom.js]
[jthemes.net/themes/html/testo/files/js/jquery.easing.js]
[jthemes.net/themes/html/testo/files/js/jquery.appear.js]
[jthemes.net/themes/html/testo/files/js/jquery.scrollto.js]
[jthemes.net/themes/html/testo/files/js/menu.js]
[jthemes.net/themes/html/testo/files/js/jquery.flexslider.js]
[jthemes.net/themes/html/testo/files/js/materialize.js]
[jthemes.net/themes/html/testo/files/js/owl.carousel.min.js]
[jthemes.net/themes/html/testo/files/js/jquery.magnific-popup.min.js]
[jthemes.net/themes/html/testo/files/js/contact-form.js]
[jthemes.net/themes/html/testo/files/js/comment-form.js]
[jthemes.net/themes/html/testo/files/js/booking-form.js]
[jthemes.net/themes/html/testo/files/js/jquery.validate.min.js]
[jthemes.net/themes/html/testo/files/js/jquery.datetimepicker.full.js]
[jthemes.net/themes/html/testo/files/js/jquery.ajaxchimp.min.js]
[jthemes.net/themes/html/testo/files/js/custom.js]
[jthemes.net/themes/html/testo/files/js/changer.js]
[jthemes.net/themes/html/testo/files/demo-1.html]
[jthemes.net/themes/html/testo/files/css/bootstrap.min.css]
[use.fontawesome.com/releases/v5.11.0/css/all.css]
[jthemes.net/themes/html/testo/files/fonts/Flaticon.eot]
[jthemes.net/themes/html/testo/files/fonts/Flaticond41d.eot]
[jthemes.net/themes/html/testo/files/fonts/Flaticon.woff]
[jthemes.net/themes/html/testo/files/fonts/Flaticon.ttf]
[jthemes.net/themes/html/testo/files/css/flaticon.css]
[jthemes.net/themes/html/testo/files/css/menu.css]
[jthemes.net/themes/html/testo/files/css/magnific-popup.css]
[jthemes.net/themes/html/testo/files/css/flexslider.css]
[jthemes.net/themes/html/testo/files/css/owl.carousel.min.css]
[jthemes.net/themes/html/testo/files/css/owl.theme.default.min.css]
[jthemes.net/themes/html/testo/files/css/jquery.datetimepicker.min.css]
[jthemes.net/themes/html/testo/files/images/bg-01.jpg]
[jthemes.net/themes/html/testo/files/images/bg-02.jpg]
[jthemes.net/themes/html/testo/files/images/bg-03.jpg]
[jthemes.net/themes/html/testo/files/images/bg-04.jpg]
[jthemes.net/themes/html/testo/files/images/bg-05.jpg]
[jthemes.net/themes/html/testo/files/images/bg-06.jpg]
[jthemes.net/themes/html/testo/files/images/price-badge-yellow.png]
[jthemes.net/themes/html/testo/files/images/price-badge-red.png]
[jthemes.net/themes/html/testo/files/images/price-badge-orange.png]
[jthemes.net/themes/html/testo/files/images/hero-2.jpg]
[jthemes.net/themes/html/testo/files/images/white-overlay-wave.png]
[jthemes.net/themes/html/testo/files/images/hero-4.jpg]
[jthemes.net/themes/html/testo/files/images/hero-5.jpg]
[jthemes.net/themes/html/testo/files/images/hero-9.jpg]
[jthemes.net/themes/html/testo/files/images/hero-10.jpg]
[jthemes.net/themes/html/testo/files/images/hero-11.jpg]
[jthemes.net/themes/html/testo/files/images/about-1.jpg]
[jthemes.net/themes/html/testo/files/images/about-2.jpg]
[jthemes.net/themes/html/testo/files/images/about-5.jpg]
[jthemes.net/themes/html/testo/files/images/about-6.jpg]
[jthemes.net/themes/html/testo/files/images/divider-01.jpg]
[jthemes.net/themes/html/testo/files/images/divider-02.jpg]
[jthemes.net/themes/html/testo/files/images/divider-03.jpg]
[jthemes.net/themes/html/testo/files/images/divider-04.jpg]
[jthemes.net/themes/html/testo/files/images/divider-05.jpg]
[jthemes.net/themes/html/testo/files/images/pb-1-1.jpg]
[jthemes.net/themes/html/testo/files/images/pb-1-2.jpg]
[jthemes.net/themes/html/testo/files/images/pb-1-3.jpg]
[jthemes.net/themes/html/testo/files/images/pb-2-1.jpg]
[jthemes.net/themes/html/testo/files/images/pb-2-2.jpg]
[jthemes.net/themes/html/testo/files/images/promo-11.jpg]
[jthemes.net/themes/html/testo/files/images/menu-2.jpg]
[jthemes.net/themes/html/testo/files/images/reviews.jpg]
[jthemes.net/themes/html/testo/files/images/banner-1.jpg]
[jthemes.net/themes/html/testo/files/images/banner-2.jpg]
[jthemes.net/themes/html/testo/files/images/banner-4.jpg]
[jthemes.net/themes/html/testo/files/images/contacts-1.jpg]
[jthemes.net/themes/html/testo/files/images/contacts-2.jpg]
[jthemes.net/themes/html/testo/files/images/booking.jpg]
[jthemes.net/themes/html/testo/files/images/footer-red.jpg]
[jthemes.net/themes/html/testo/files/images/footer-dark.jpg]
[jthemes.net/themes/html/testo/files/images/about-page.jpg]
[jthemes.net/themes/html/testo/files/images/blog-page.jpg]
[jthemes.net/themes/html/testo/files/images/booking-page.jpg]
[jthemes.net/themes/html/testo/files/images/cart-page.jpg]
[jthemes.net/themes/html/testo/files/images/contacts-page.jpg]
[jthemes.net/themes/html/testo/files/images/gallery-page.jpg]
[jthemes.net/themes/html/testo/files/images/gift-page.jpg]
[jthemes.net/themes/html/testo/files/images/faqs-page.jpg]
[jthemes.net/themes/html/testo/files/images/locations-page.jpg]
[jthemes.net/themes/html/testo/files/images/menu-page.jpg]
[jthemes.net/themes/html/testo/files/images/product-page.jpg]
[jthemes.net/themes/html/testo/files/images/team-page.jpg]
[jthemes.net/themes/html/testo/files/images/terms-page.jpg]
[jthemes.net/themes/html/testo/files/images/back-to-top.png]
[jthemes.net/themes/html/testo/files/css/style.css]
[jthemes.net/themes/html/testo/files/css/responsive.css]
[jthemes.net/themes/html/testo/files/images/hero-2-img.png]
[jthemes.net/themes/html/testo/files/images/menu/side-06.png]
[jthemes.net/themes/html/testo/files/demo-2.html]
[jthemes.net/themes/html/testo/files/images/slider/slide-4.jpg]
[jthemes.net/themes/html/testo/files/images/slider/slide-5.jpg]
[jthemes.net/themes/html/testo/files/images/slider/slide-6.jpg]
[jthemes.net/themes/html/testo/files/images/menu-3-3-img.jpg]
[jthemes.net/themes/html/testo/files/images/location-1.jpg]
[jthemes.net/themes/html/testo/files/images/location-2.jpg]
[jthemes.net/themes/html/testo/files/images/location-3.jpg]
[jthemes.net/themes/html/testo/files/demo-3.html]
[jthemes.net/themes/html/testo/files/images/hero-4-img.png]
[jthemes.net/themes/html/testo/files/images/offer-8.jpg]
[jthemes.net/themes/html/testo/files/images/offer-6.jpg]
[jthemes.net/themes/html/testo/files/images/offer-7.jpg]
[jthemes.net/themes/html/testo/files/images/menu/side-08.png]
[jthemes.net/themes/html/testo/files/images/menu/side-05.png]
[jthemes.net/themes/html/testo/files/demo-4.html]
[jthemes.net/themes/html/testo/files/images/logo-02.png]
[jthemes.net/themes/html/testo/files/images/hero-5-img.png]
[jthemes.net/themes/html/testo/files/images/about-02-img.png]
[jthemes.net/themes/html/testo/files/images/menu/pizza-11.jpg]
[jthemes.net/themes/html/testo/files/images/menu/pizza-12.jpg]
[jthemes.net/themes/html/testo/files/images/menu/pizza-13.jpg]
[jthemes.net/themes/html/testo/files/images/menu/pizza-14.jpg]
[jthemes.net/themes/html/testo/files/images/menu/pizza-15.jpg]
[jthemes.net/themes/html/testo/files/images/menu/pizza-16.jpg]
[jthemes.net/themes/html/testo/files/images/menu/pizza-17.jpg]
[jthemes.net/themes/html/testo/files/images/menu/pizza-18.jpg]
[jthemes.net/themes/html/testo/files/images/menu/pizza-04.png]
[jthemes.net/themes/html/testo/files/images/menu/pizza-06.png]
[jthemes.net/themes/html/testo/files/images/menu/pizza-03.png]
[jthemes.net/themes/html/testo/files/images/promo-12-img.png]
[jthemes.net/themes/html/testo/files/images/discount-badge-red.png]
[jthemes.net/themes/html/testo/files/demo-5.html]
[jthemes.net/themes/html/testo/files/images/slider/slide-10.jpg]
[jthemes.net/themes/html/testo/files/images/slider/slide-11.jpg]
[jthemes.net/themes/html/testo/files/images/slider/slide-12.jpg]
[jthemes.net/themes/html/testo/files/images/menu/pasta-01.png]
[jthemes.net/themes/html/testo/files/images/menu/pasta-02.png]
[jthemes.net/themes/html/testo/files/images/menu/pasta-03.png]
[jthemes.net/themes/html/testo/files/images/menu/pasta-04.png]
[jthemes.net/themes/html/testo/files/images/offer-5.jpg]
[jthemes.net/themes/html/testo/files/images/offer-11.jpg]
[jthemes.net/themes/html/testo/files/demo-6.html]
[jthemes.net/themes/html/testo/files/images/hero-7.jpg]
[jthemes.net/themes/html/testo/files/images/menu/pizza-01.png]
[jthemes.net/themes/html/testo/files/images/menu/pizza-02.png]
[jthemes.net/themes/html/testo/files/demo-7.html]
[jthemes.net/themes/html/testo/files/images/slider/slide-7.jpg]
[jthemes.net/themes/html/testo/files/images/slider/slide-8.jpg]
[jthemes.net/themes/html/testo/files/images/slider/slide-9.jpg]
[jthemes.net/themes/html/testo/files/demo-8.html]
[jthemes.net/themes/html/testo/files/images/logo-04.png]
[jthemes.net/themes/html/testo/files/images/about-03-img.png]
[jthemes.net/themes/html/testo/files/images/promo-10-img.png]
[jthemes.net/themes/html/testo/files/images/img-11.jpg]
[jthemes.net/themes/html/testo/files/images/img-12.jpg]
[jthemes.net/themes/html/testo/files/images/img-13.jpg]
[jthemes.net/themes/html/testo/files/images/reviews-bbq.jpg]
[jthemes.net/themes/html/testo/files/demo-9.html]
[jthemes.net/themes/html/testo/files/images/menu-4-1-img.png]
[jthemes.net/themes/html/testo/files/images/menu-4-2-img.png]
[jthemes.net/themes/html/testo/files/demo-10.html]
[jthemes.net/themes/html/testo/files/images/logo-03.png]
[jthemes.net/themes/html/testo/files/images/hero-11-img.png]
[jthemes.net/themes/html/testo/files/images/ramen.png]
[jthemes.net/themes/html/testo/files/images/set.png]
[jthemes.net/themes/html/testo/files/images/sweets.png]
[jthemes.net/themes/html/testo/files/images/about-04-img.png]
[jthemes.net/themes/html/testo/files/images/menu-3-1-img.jpg]
[jthemes.net/themes/html/testo/files/images/menu-3-2-img.jpg]
[jthemes.net/themes/html/testo/files/images/pb-3-1.jpg]
[jthemes.net/themes/html/testo/files/images/pb-3-2.jpg]
[jthemes.net/themes/html/testo/files/images/pb-3-3.jpg]
[jthemes.net/themes/html/testo/files/images/menu/roll-11.jpg]
[jthemes.net/themes/html/testo/files/images/menu/roll-12.jpg]
[jthemes.net/themes/html/testo/files/images/menu/roll-13.jpg]
[jthemes.net/themes/html/testo/files/images/menu/roll-14.jpg]
[jthemes.net/themes/html/testo/files/images/menu/roll-15.jpg]
[jthemes.net/themes/html/testo/files/images/menu/roll-16.jpg]
[jthemes.net/themes/html/testo/files/images/menu/roll-17.jpg]
[jthemes.net/themes/html/testo/files/images/menu/roll-18.jpg]
[jthemes.net/themes/html/testo/files/images/blog/img-07.jpg]
[jthemes.net/themes/html/testo/files/images/blog/img-04.jpg]
[jthemes.net/themes/html/testo/files/images/gallery/img-13.jpg]
[jthemes.net/themes/html/testo/files/images/gallery/img-11.jpg]
[jthemes.net/themes/html/testo/files/images/gallery/img-14.jpg]
[jthemes.net/themes/html/testo/files/images/gallery/img-09.jpg]
[jthemes.net/themes/html/testo/files/images/gallery/img-15.jpg]
[jthemes.net/themes/html/testo/files/images/gallery/img-10.jpg]
[jthemes.net/themes/html/testo/files/demo-11.html]
[jthemes.net/themes/html/testo/files/images/rolls.png]
[jthemes.net/themes/html/testo/files/images/sashimi.png]
[jthemes.net/themes/html/testo/files/images/nigiri.png]
[jthemes.net/themes/html/testo/files/images/offer-10.jpg]
[jthemes.net/themes/html/testo/files/demo-12.html]
[jthemes.net/themes/html/testo/files/images/img-15.jpg]
[jthemes.net/themes/html/testo/files/about.html]
[jthemes.net/themes/html/testo/files/images/team-1.jpg]
[jthemes.net/themes/html/testo/files/images/team-2.jpg]
[jthemes.net/themes/html/testo/files/images/team-3.jpg]
[jthemes.net/themes/html/testo/files/images/team-4.jpg]
[jthemes.net/themes/html/testo/files/images/team-5.jpg]
[jthemes.net/themes/html/testo/files/images/team-6.jpg]
[jthemes.net/themes/html/testo/files/images/team-7.jpg]
[jthemes.net/themes/html/testo/files/images/team-8.jpg]
[jthemes.net/themes/html/testo/files/team.html]
[jthemes.net/themes/html/testo/files/images/gallery/img-12.jpg]
[jthemes.net/themes/html/testo/files/gallery.html]
[jthemes.net/themes/html/testo/files/images/voucher.jpg]
[jthemes.net/themes/html/testo/files/images/card-1.png]
[jthemes.net/themes/html/testo/files/images/card-2.png]
[jthemes.net/themes/html/testo/files/images/card-3.png]
[jthemes.net/themes/html/testo/files/gift-cards.html]
[jthemes.net/themes/html/testo/files/faqs.html]
[jthemes.net/themes/html/testo/files/terms.html]
[jthemes.net/themes/html/testo/files/images/menu/burger-03.png]
[jthemes.net/themes/html/testo/files/images/menu/burger-04.png]
[jthemes.net/themes/html/testo/files/images/menu/burger-07.png]
[jthemes.net/themes/html/testo/files/images/menu/burger-08.png]
[jthemes.net/themes/html/testo/files/images/menu/side-07.png]
[jthemes.net/themes/html/testo/files/menu-1.html]
[jthemes.net/themes/html/testo/files/menu-2.html]
[jthemes.net/themes/html/testo/files/images/menu-3-4-img.jpg]
[jthemes.net/themes/html/testo/files/menu-3.html]
[jthemes.net/themes/html/testo/files/images/blog/img-08.jpg]
[jthemes.net/themes/html/testo/files/images/blog/img-09.jpg]
[jthemes.net/themes/html/testo/files/images/blog/img-10.jpg]
[jthemes.net/themes/html/testo/files/blog-listing.html]
[jthemes.net/themes/html/testo/files/product-single.html]
[jthemes.net/themes/html/testo/files/cart.html]
[jthemes.net/themes/html/testo/files/images/blog/img-05.jpg]
[jthemes.net/themes/html/testo/files/images/blog/img-11.jpg]
[jthemes.net/themes/html/testo/files/images/post-author-1.jpg]
[jthemes.net/themes/html/testo/files/images/post-author-2.jpg]
[jthemes.net/themes/html/testo/files/images/post-author-3.jpg]
[jthemes.net/themes/html/testo/files/images/post-author-4.jpg]
[jthemes.net/themes/html/testo/files/single-post.html]
[jthemes.net/themes/html/testo/files/booking.html]
[jthemes.net/themes/html/testo/files/locations.html]
[jthemes.net/themes/html/testo/files/contacts.html]
[jthemes.net/themes/html/testo/files/fonts/Flaticon.html]
[jthemes.net/themes/html/testo/files/fonts/Flaticon.svg]
[jthemes.net/themes/html/examples/demo/images/overlay-menu-bg.html]
[jthemes.net/themes/html/testo/files/img/icons/bg_direction_nav.html]
[jthemes.net/themes/html/testo/files/css/owl.video.play.html]
